<?xml version="1.0" encoding="UTF-8"?>
<testsuite xmlns:xsi="http://www.w3.org/2001/XMLSchema-instance" xsi:noNamespaceSchemaLocation="https://maven.apache.org/surefire/maven-surefire-plugin/xsd/surefire-test-report-3.0.xsd" version="3.0" name="com.test.MainTest" time="0.253" tests="3" errors="0" skipped="0" failures="0">
  <properties>
[...]
</properties>
  <testcase name="testInsertCompany" classname="com.test.MainTest" time="0.032">
    <system-out><![CDATA[[VALIDATION] : Can create table 'Company ': 
]]></system-out>
    <system-err><![CDATA[SLF4J: Failed to load class "org.slf4j.impl.StaticLoggerBinder".
SLF4J: Defaulting to no-operation (NOP) logger implementation
SLF4J: See http://www.slf4j.org/codes.html#StaticLoggerBinder for further details.
]]></system-err>
  </testcase>
  <testcase name="testInsertCompanyWithCommpanyNameEmpty" classname="com.test.MainTest" time="0.005">
    <system-err><![CDATA[[ERROR][insertCompany] [SQLITE_CONSTRAINT_NOTNULL] A NOT NULL constraint failed (NOT NULL constraint failed: Company.companyName)
]]></system-err>
  </testcase>
  <testcase name="testInsertCompanyWithEmptyValue" classname="com.test.MainTest" time="0.006"/>
</testsuite>